<?xml version="1.0" encoding="UTF-8"?>
<coverage generated="1665369065372" clover="3.2.0">
  <project timestamp="1665369065372" name="All files">
    <metrics statements="3" coveredstatements="3" conditionals="0" coveredconditionals="0" methods="0" coveredmethods="0" elements="3" coveredelements="3" complexity="0" loc="3" ncloc="3" packages="1" files="1" classes="1"/>
    <file name="user.js" path="C:\Users\brand\OneDrive\Desktop\WDV3322_Branden-Murphy\api\model\user.js">
      <metrics statements="3" coveredstatements="3" conditionals="0" coveredconditionals="0" methods="0" coveredmethods="0"/>
      <line num="1" count="1" type="stmt"/>
      <line num="3" count="1" type="stmt"/>
      <line num="31" count="1" type="stmt"/>
    </file>
  </project>
</coverage>
